[2024-03-10 22:33:30] Tform_cadastro_clientes: [INFO] Cadastro de criado com sucesso
[2024-03-10 22:33:44] Tform_cadastro_clientes: [INFO] Fechando Tela: clientes
[2024-03-10 22:33:44] Tform_consulta_clientes: [INFO] Criando Tela:clientes...
[2024-03-11 22:20:13] Tform_consulta_clientes: [INFO] Iniciando Inserção na Tabela de clientes
[2024-03-11 22:20:14] Tform_cadastro_clientes: [INFO] Tela de clientescriada com sucesso
[2024-03-11 22:20:28] Tform_cadastro_produtos: [INFO] Tela de produtoscriada com sucesso
[2024-03-15 22:26:52] Tform_cadastro_clientes: [INFO] Tela de clientescriada com sucesso
[2024-03-15 22:28:01] Tform_cadastro_clientes: [INFO] Tela de clientescriada com sucesso
[2024-03-15 22:28:28] Tform_cadastro_clientes: [INFO] Tela de clientescriada com sucesso
[2024-03-15 22:29:11] Tform_cadastro_clientes: [INFO] Tela de clientescriada com sucesso
[2024-03-15 22:30:25] Tform_cadastro_clientes: [INFO] Tela de clientescriada com sucesso
[2024-03-15 22:31:12] Tform_cadastro_clientes: [INFO] Tela de clientescriada com sucesso
[2024-03-15 22:33:14] Tform_cadastro_clientes: [INFO] Tela de clientescriada com sucesso
[2024-03-15 22:33:27] Tform_cadastro_clientes: [INFO] Fechando Tela: clientes
[2024-03-15 22:33:27] Tform_consulta_clientes: [INFO] Criando Tela:clientes...
[2024-03-15 22:33:41] Tform_cadastro_clientes: [INFO] Tela de clientescriada com sucesso
[2024-03-15 22:33:50] Tform_cadastro_clientes: [INFO] Fechando Tela: clientes
[2024-03-15 22:33:50] Tform_consulta_clientes: [INFO] Criando Tela:clientes...
[2024-03-15 22:33:52] Tform_cadastro_clientes: [INFO] Tela de clientescriada com sucesso
[2024-03-15 22:40:06] Tform_cadastro_clientes: [INFO] Tela de clientescriada com sucesso
[2024-03-15 22:40:14] Tform_cadastro_clientes: [INFO] Fechando Tela: clientes
[2024-03-15 22:40:14] Tform_consulta_clientes: [INFO] Criando Tela:clientes...
[2024-03-15 22:40:17] Tform_cadastro_clientes: [INFO] Tela de clientescriada com sucesso
[2024-03-15 22:40:29] Tform_cadastro_clientes: [INFO] Fechando Tela: clientes
[2024-03-15 22:40:29] Tform_consulta_clientes: [INFO] Criando Tela:clientes...
[2024-03-15 22:41:04] Tform_cadastro_clientes: [INFO] Tela de clientescriada com sucesso
[2024-03-15 22:43:51] Tform_cadastro_clientes: [INFO] Tela de clientescriada com sucesso
[2024-03-15 22:49:27] Tform_cadastro_clientes: [INFO] Fechando Tela: clientes
[2024-03-15 22:49:27] Tform_consulta_clientes: [INFO] Criando Tela:clientes...
[2024-03-15 22:53:07] Tform_cadastro_clientes: [INFO] Tela de clientescriada com sucesso
[2024-03-15 22:59:10] Tform_cadastro_clientes: [INFO] Tela de clientescriada com sucesso
[2024-03-15 22:59:40] Tform_cadastro_clientes: [INFO] Fechando Tela: clientes
[2024-03-15 22:59:40] Tform_consulta_clientes: [INFO] Criando Tela:clientes...
[2024-03-15 23:01:11] Tform_cadastro_clientes: [INFO] Tela de clientescriada com sucesso
[2024-03-15 23:02:26] Tform_cadastro_clientes: [INFO] Tela de clientescriada com sucesso
[2024-03-15 23:06:06] Tform_cadastro_clientes: [INFO] Tela de clientescriada com sucesso
[2024-03-15 23:06:14] Tform_cadastro_clientes: [INFO] Fechando Tela: clientes
[2024-03-15 23:06:14] Tform_consulta_clientes: [INFO] Criando Tela:clientes...
[2024-03-15 23:06:16] Tform_cadastro_clientes: [INFO] Tela de clientescriada com sucesso
[2024-03-15 23:07:53] Tform_cadastro_clientes: [INFO] Tela de clientescriada com sucesso
[2024-03-15 23:09:09] Tform_cadastro_clientes: [INFO] Tela de clientescriada com sucesso
[2024-03-15 23:09:40] Tform_cadastro_clientes: [INFO] Fechando Tela: clientes
[2024-03-15 23:09:40] Tform_consulta_clientes: [INFO] Criando Tela:clientes...
